0 info it worked if it ends with ok
1 verbose cli [ '/usr/bin/node', '/usr/bin/npm', 'run', 'build' ]
2 info using npm@3.5.2
3 info using node@v8.10.0
4 verbose run-script [ 'prebuild', 'build', 'postbuild' ]
5 info lifecycle gulp-boilerplate@1.0.0~prebuild: gulp-boilerplate@1.0.0
6 silly lifecycle gulp-boilerplate@1.0.0~prebuild: no script for prebuild, continuing
7 info lifecycle gulp-boilerplate@1.0.0~build: gulp-boilerplate@1.0.0
8 verbose lifecycle gulp-boilerplate@1.0.0~build: unsafe-perm in lifecycle true
9 verbose lifecycle gulp-boilerplate@1.0.0~build: PATH: /usr/share/npm/bin/node-gyp-bin:/home/serhii/Desktop/Mate/Верстка/layout_miami/node_modules/.bin:/usr/share/npm/bin/node-gyp-bin:/home/serhii/Desktop/Mate/Верстка/layout_miami/node_modules/.bin:/home/serhii/.rvm/gems/ruby-2.6.0/bin:/home/serhii/.rvm/gems/ruby-2.6.0@global/bin:/home/serhii/.rvm/rubies/ruby-2.6.0/bin:/usr/local/sbin:/usr/local/bin:/usr/sbin:/usr/bin:/sbin:/bin:/usr/games:/usr/local/games:/snap/bin:/home/serhii/.rvm/bin:/home/serhii/.rvm/bin:/home/serhii/.rvm/bin
10 verbose lifecycle gulp-boilerplate@1.0.0~build: CWD: /home/serhii/Desktop/Mate/Верстка/layout_miami
11 silly lifecycle gulp-boilerplate@1.0.0~build: Args: [ '-c', 'gulp build' ]
12 silly lifecycle gulp-boilerplate@1.0.0~build: Returned: code: 1  signal: null
13 info lifecycle gulp-boilerplate@1.0.0~build: Failed to exec build script
14 verbose stack Error: gulp-boilerplate@1.0.0 build: `gulp build`
14 verbose stack Exit status 1
14 verbose stack     at EventEmitter.<anonymous> (/usr/share/npm/lib/utils/lifecycle.js:232:16)
14 verbose stack     at emitTwo (events.js:126:13)
14 verbose stack     at EventEmitter.emit (events.js:214:7)
14 verbose stack     at ChildProcess.<anonymous> (/usr/share/npm/lib/utils/spawn.js:24:14)
14 verbose stack     at emitTwo (events.js:126:13)
14 verbose stack     at ChildProcess.emit (events.js:214:7)
14 verbose stack     at maybeClose (internal/child_process.js:925:16)
14 verbose stack     at Process.ChildProcess._handle.onexit (internal/child_process.js:209:5)
15 verbose pkgid gulp-boilerplate@1.0.0
16 verbose cwd /home/serhii/Desktop/Mate/Верстка/layout_miami
17 error Linux 4.15.0-55-generic
18 error argv "/usr/bin/node" "/usr/bin/npm" "run" "build"
19 error node v8.10.0
20 error npm  v3.5.2
21 error code ELIFECYCLE
22 error gulp-boilerplate@1.0.0 build: `gulp build`
22 error Exit status 1
23 error Failed at the gulp-boilerplate@1.0.0 build script 'gulp build'.
23 error Make sure you have the latest version of node.js and npm installed.
23 error If you do, this is most likely a problem with the gulp-boilerplate package,
23 error not with npm itself.
23 error Tell the author that this fails on your system:
23 error     gulp build
23 error You can get information on how to open an issue for this project with:
23 error     npm bugs gulp-boilerplate
23 error Or if that isn't available, you can get their info via:
23 error     npm owner ls gulp-boilerplate
23 error There is likely additional logging output above.
24 verbose exit [ 1, true ]
