0 info it worked if it ends with ok
1 verbose cli [ '/usr/bin/node', '/usr/bin/npm', 'run', 'deploy', '--no-verify' ]
2 info using npm@3.5.2
3 info using node@v8.10.0
4 verbose run-script [ 'predeploy', 'deploy', 'postdeploy' ]
5 info lifecycle gulp-boilerplate@1.0.0~predeploy: gulp-boilerplate@1.0.0
6 verbose lifecycle gulp-boilerplate@1.0.0~predeploy: unsafe-perm in lifecycle true
7 verbose lifecycle gulp-boilerplate@1.0.0~predeploy: PATH: /usr/share/npm/bin/node-gyp-bin:/home/serhii/Desktop/Mate/Верстка/layout_miami/node_modules/.bin:/home/serhii/.rvm/gems/ruby-2.6.0/bin:/home/serhii/.rvm/gems/ruby-2.6.0@global/bin:/home/serhii/.rvm/rubies/ruby-2.6.0/bin:/usr/local/sbin:/usr/local/bin:/usr/sbin:/usr/bin:/sbin:/bin:/usr/games:/usr/local/games:/snap/bin:/home/serhii/.rvm/bin:/home/serhii/.rvm/bin:/home/serhii/.rvm/bin
8 verbose lifecycle gulp-boilerplate@1.0.0~predeploy: CWD: /home/serhii/Desktop/Mate/Верстка/layout_miami
9 silly lifecycle gulp-boilerplate@1.0.0~predeploy: Args: [ '-c', 'npm run build' ]
10 silly lifecycle gulp-boilerplate@1.0.0~predeploy: Returned: code: 1  signal: null
11 info lifecycle gulp-boilerplate@1.0.0~predeploy: Failed to exec predeploy script
12 verbose stack Error: gulp-boilerplate@1.0.0 predeploy: `npm run build`
12 verbose stack Exit status 1
12 verbose stack     at EventEmitter.<anonymous> (/usr/share/npm/lib/utils/lifecycle.js:232:16)
12 verbose stack     at emitTwo (events.js:126:13)
12 verbose stack     at EventEmitter.emit (events.js:214:7)
12 verbose stack     at ChildProcess.<anonymous> (/usr/share/npm/lib/utils/spawn.js:24:14)
12 verbose stack     at emitTwo (events.js:126:13)
12 verbose stack     at ChildProcess.emit (events.js:214:7)
12 verbose stack     at maybeClose (internal/child_process.js:925:16)
12 verbose stack     at Process.ChildProcess._handle.onexit (internal/child_process.js:209:5)
13 verbose pkgid gulp-boilerplate@1.0.0
14 verbose cwd /home/serhii/Desktop/Mate/Верстка/layout_miami/src
15 error Linux 4.15.0-55-generic
16 error argv "/usr/bin/node" "/usr/bin/npm" "run" "deploy" "--no-verify"
17 error node v8.10.0
18 error npm  v3.5.2
19 error code ELIFECYCLE
20 error gulp-boilerplate@1.0.0 predeploy: `npm run build`
20 error Exit status 1
21 error Failed at the gulp-boilerplate@1.0.0 predeploy script 'npm run build'.
21 error Make sure you have the latest version of node.js and npm installed.
21 error If you do, this is most likely a problem with the gulp-boilerplate package,
21 error not with npm itself.
21 error Tell the author that this fails on your system:
21 error     npm run build
21 error You can get information on how to open an issue for this project with:
21 error     npm bugs gulp-boilerplate
21 error Or if that isn't available, you can get their info via:
21 error     npm owner ls gulp-boilerplate
21 error There is likely additional logging output above.
22 verbose exit [ 1, true ]
